ERROR - 2025-05-23 09:16:14 --> Error connecting to the database: mysqli_sql_exception: No connection could be made because the target machine actively refused it in E:\laravel\laravel intern\code igniter\day17\cia1.3\system\Database\MySQLi\Connection.php:201
Stack trace:
#0 E:\laravel\laravel intern\code igniter\day17\cia1.3\system\Database\MySQLi\Connection.php(201): mysqli->real_connect('localhost', '', Object(SensitiveParameterValue), '', 3306, '', 0)
#1 E:\laravel\laravel intern\code igniter\day17\cia1.3\system\Database\BaseConnection.php(421): CodeIgniter\Database\MySQLi\Connection->connect(false)
#2 E:\laravel\laravel intern\code igniter\day17\cia1.3\system\Database\BaseConnection.php(620): CodeIgniter\Database\BaseConnection->initialize()
#3 E:\laravel\laravel intern\code igniter\day17\cia1.3\system\Database\BaseConnection.php(1525): CodeIgniter\Database\BaseConnection->query('SHOW TABLES FRO...')
#4 E:\laravel\laravel intern\code igniter\day17\cia1.3\system\Database\BaseConnection.php(1545): CodeIgniter\Database\BaseConnection->listTables()
#5 E:\laravel\laravel intern\code igniter\day17\cia1.3\system\Database\MigrationRunner.php(768): CodeIgniter\Database\BaseConnection->tableExists('migrations')
#6 E:\laravel\laravel intern\code igniter\day17\cia1.3\system\Database\MigrationRunner.php(162): CodeIgniter\Database\MigrationRunner->ensureTable()
#7 E:\laravel\laravel intern\code igniter\day17\cia1.3\system\Commands\Database\Migrate.php(85): CodeIgniter\Database\MigrationRunner->latest(NULL)
#8 E:\laravel\laravel intern\code igniter\day17\cia1.3\system\CLI\Commands.php(74): CodeIgniter\Commands\Database\Migrate->run(Array)
#9 E:\laravel\laravel intern\code igniter\day17\cia1.3\system\CLI\Console.php(47): CodeIgniter\CLI\Commands->run('migrate', Array)
#10 E:\laravel\laravel intern\code igniter\day17\cia1.3\system\Boot.php(360): CodeIgniter\CLI\Console->run()
#11 E:\laravel\laravel intern\code igniter\day17\cia1.3\system\Boot.php(104): CodeIgniter\Boot::runCommand(Object(CodeIgniter\CLI\Console))
#12 E:\laravel\laravel intern\code igniter\day17\cia1.3\spark(87): CodeIgniter\Boot::bootSpark(Object(Config\Paths))
#13 {main}

Next CodeIgniter\Database\Exceptions\DatabaseException: No connection could be made because the target machine actively refused it in E:\laravel\laravel intern\code igniter\day17\cia1.3\system\Database\MySQLi\Connection.php:246
Stack trace:
#0 E:\laravel\laravel intern\code igniter\day17\cia1.3\system\Database\BaseConnection.php(421): CodeIgniter\Database\MySQLi\Connection->connect(false)
#1 E:\laravel\laravel intern\code igniter\day17\cia1.3\system\Database\BaseConnection.php(620): CodeIgniter\Database\BaseConnection->initialize()
#2 E:\laravel\laravel intern\code igniter\day17\cia1.3\system\Database\BaseConnection.php(1525): CodeIgniter\Database\BaseConnection->query('SHOW TABLES FRO...')
#3 E:\laravel\laravel intern\code igniter\day17\cia1.3\system\Database\BaseConnection.php(1545): CodeIgniter\Database\BaseConnection->listTables()
#4 E:\laravel\laravel intern\code igniter\day17\cia1.3\system\Database\MigrationRunner.php(768): CodeIgniter\Database\BaseConnection->tableExists('migrations')
#5 E:\laravel\laravel intern\code igniter\day17\cia1.3\system\Database\MigrationRunner.php(162): CodeIgniter\Database\MigrationRunner->ensureTable()
#6 E:\laravel\laravel intern\code igniter\day17\cia1.3\system\Commands\Database\Migrate.php(85): CodeIgniter\Database\MigrationRunner->latest(NULL)
#7 E:\laravel\laravel intern\code igniter\day17\cia1.3\system\CLI\Commands.php(74): CodeIgniter\Commands\Database\Migrate->run(Array)
#8 E:\laravel\laravel intern\code igniter\day17\cia1.3\system\CLI\Console.php(47): CodeIgniter\CLI\Commands->run('migrate', Array)
#9 E:\laravel\laravel intern\code igniter\day17\cia1.3\system\Boot.php(360): CodeIgniter\CLI\Console->run()
#10 E:\laravel\laravel intern\code igniter\day17\cia1.3\system\Boot.php(104): CodeIgniter\Boot::runCommand(Object(CodeIgniter\CLI\Console))
#11 E:\laravel\laravel intern\code igniter\day17\cia1.3\spark(87): CodeIgniter\Boot::bootSpark(Object(Config\Paths))
#12 {main}
